<?xml version="1.0" encoding="UTF-8"?>
<!-- Generated by org.testng.reporters.JUnitReportReporter -->
<testsuite hostname="LTIN135783" name="demo.project.rest.assured.StaticJson" tests="1" failures="0" timestamp="15 Jul 2020 14:53:57 GMT" time="5.013" errors="0">
  <testcase name="addBook" time="5.013" classname="demo.project.rest.assured.StaticJson"/>
</testsuite> <!-- demo.project.rest.assured.StaticJson -->
