<?xml version="1.0" encoding="UTF-8"?>
<!-- Generated by org.testng.reporters.JUnitReportReporter -->
<testsuite hostname="LTIN135783" name="demo.project.rest.assured.SumOfCourses" tests="1" failures="0" timestamp="15 Jul 2020 12:25:56 GMT" time="1.687" errors="0">
  <testcase name="totalCoursePrice" time="1.687" classname="demo.project.rest.assured.SumOfCourses"/>
</testsuite> <!-- demo.project.rest.assured.SumOfCourses -->
